<?xml version="1.0" encoding="UTF-8"?>
<robot generator="Robot 7.4.1 (Python 3.13.2 on darwin)" generated="2025-12-25T10:47:32.295165" rpa="false" schemaversion="5">
<suite id="s1" name="Invalidcase" source="/Users/simon/Documents/GitHub/TestAutomationLab/TestAutomationLab/Invalidcase.robot">
<test id="s1-t1" name="open Workshop Registration Page" line="6">
<kw name="Open Browser" owner="SeleniumLibrary">
<msg time="2025-12-25T10:47:32.402153" level="INFO">Opening browser 'Chrome' to base url 'file:///Users/simon/Documents/GitHub/TestAutomationLab/StarterFiles/Registration.html'.</msg>
<arg>${WORKSHOP_URL}</arg>
<arg>${BROWSER}</arg>
<doc>Opens a new browser instance to the optional ``url``.</doc>
<status status="PASS" start="2025-12-25T10:47:32.402022" elapsed="0.869084"/>
</kw>
<kw name="Set Selenium Speed" owner="SeleniumLibrary">
<arg>${DELAY}</arg>
<doc>Sets the delay that is waited after each Selenium command.</doc>
<status status="PASS" start="2025-12-25T10:47:33.271692" elapsed="0.000378"/>
</kw>
<kw name="Welcome Page Should Be Open" owner="Resource">
<kw name="Location Should Be" owner="SeleniumLibrary">
<msg time="2025-12-25T10:47:33.275968" level="INFO">Current location is 'file:///Users/simon/Documents/GitHub/TestAutomationLab/StarterFiles/Registration.html'.</msg>
<arg>${WORKSHOP_URL}</arg>
<doc>Verifies that the current URL is exactly ``url``.</doc>
<status status="PASS" start="2025-12-25T10:47:33.272902" elapsed="0.003130"/>
</kw>
<kw name="Title Should Be" owner="SeleniumLibrary">
<msg time="2025-12-25T10:47:33.278091" level="INFO">Page title is 'Registration'.</msg>
<arg>Registration</arg>
<doc>Verifies that the current page title equals ``title``.</doc>
<status status="PASS" start="2025-12-25T10:47:33.276166" elapsed="0.001961"/>
</kw>
<status status="PASS" start="2025-12-25T10:47:33.272508" elapsed="0.005667"/>
</kw>
<status status="PASS" start="2025-12-25T10:47:32.401565" elapsed="0.876734"/>
</test>
<test id="s1-t2" name="Empty First Name" line="11">
<kw name="Open Browser" owner="SeleniumLibrary">
<msg time="2025-12-25T10:47:33.278804" level="INFO">Opening browser 'Chrome' to base url 'file:///Users/simon/Documents/GitHub/TestAutomationLab/StarterFiles/Registration.html'.</msg>
<arg>${WORKSHOP_URL}</arg>
<arg>${BROWSER}</arg>
<doc>Opens a new browser instance to the optional ``url``.</doc>
<status status="PASS" start="2025-12-25T10:47:33.278685" elapsed="0.650611"/>
</kw>
<kw name="Input Lastname" owner="Resource">
<kw name="Input Text" owner="SeleniumLibrary">
<msg time="2025-12-25T10:47:33.931436" level="INFO">Typing text 'Sodsai' into text field 'id=lastname'.</msg>
<arg>id=lastname</arg>
<arg>${lastname}</arg>
<doc>Types the given ``text`` into the text field identified by ``locator``.</doc>
<status status="PASS" start="2025-12-25T10:47:33.931033" elapsed="0.096403"/>
</kw>
<arg>Sodsai</arg>
<status status="PASS" start="2025-12-25T10:47:33.930574" elapsed="0.096938"/>
</kw>
<kw name="Input organization" owner="Resource">
<kw name="Input Text" owner="SeleniumLibrary">
<msg time="2025-12-25T10:47:34.027921" level="INFO">Typing text 'CS KKU' into text field 'id=organization'.</msg>
<arg>id=organization</arg>
<arg>${organization}</arg>
<doc>Types the given ``text`` into the text field identified by ``locator``.</doc>
<status status="PASS" start="2025-12-25T10:47:34.027807" elapsed="0.029656"/>
</kw>
<arg>CS KKU</arg>
<status status="PASS" start="2025-12-25T10:47:34.027651" elapsed="0.029874"/>
</kw>
<kw name="Input Email" owner="Resource">
<kw name="Input Text" owner="SeleniumLibrary">
<msg time="2025-12-25T10:47:34.057905" level="INFO">Typing text 'somyod@kkumail.com' into text field 'id=email'.</msg>
<arg>id=email</arg>
<arg>${email}</arg>
<doc>Types the given ``text`` into the text field identified by ``locator``.</doc>
<status status="PASS" start="2025-12-25T10:47:34.057803" elapsed="0.046267"/>
</kw>
<arg>somyod@kkumail.com</arg>
<status status="PASS" start="2025-12-25T10:47:34.057657" elapsed="0.046485"/>
</kw>
<kw name="Input Phone" owner="Resource">
<kw name="Input Text" owner="SeleniumLibrary">
<msg time="2025-12-25T10:47:34.104540" level="INFO">Typing text '091-001-1234' into text field 'id=phone'.</msg>
<arg>id=phone</arg>
<arg>${phone}</arg>
<doc>Types the given ``text`` into the text field identified by ``locator``.</doc>
<status status="PASS" start="2025-12-25T10:47:34.104430" elapsed="0.050425"/>
</kw>
<arg>091-001-1234</arg>
<status status="PASS" start="2025-12-25T10:47:34.104279" elapsed="0.050636"/>
</kw>
<kw name="Click Register Button" owner="Resource">
<kw name="Click Button" owner="SeleniumLibrary">
<msg time="2025-12-25T10:47:34.155298" level="INFO">Clicking button 'id=registerButton'.</msg>
<arg>id=registerButton</arg>
<doc>Clicks the button identified by ``locator``.</doc>
<status status="PASS" start="2025-12-25T10:47:34.155202" elapsed="0.032087"/>
</kw>
<status status="PASS" start="2025-12-25T10:47:34.155045" elapsed="0.032312"/>
</kw>
<kw name="Location Should Contain" owner="SeleniumLibrary">
<msg time="2025-12-25T10:47:34.189298" level="INFO">Current location contains 'file:///Users/simon/Documents/GitHub/TestAutomationLab/StarterFiles/Registration.html'.</msg>
<arg>${WORKSHOP_URL}</arg>
<doc>Verifies that the current URL contains ``expected``.</doc>
<status status="PASS" start="2025-12-25T10:47:34.187480" elapsed="0.001852"/>
</kw>
<kw name="Page Should Contain" owner="SeleniumLibrary">
<msg time="2025-12-25T10:47:34.195023" level="INFO">Current page contains text 'Please enter your first name!!'.</msg>
<arg>Please enter your first name!!</arg>
<doc>Verifies that current page contains ``text``.</doc>
<status status="PASS" start="2025-12-25T10:47:34.189421" elapsed="0.005643"/>
</kw>
<status status="PASS" start="2025-12-25T10:47:33.278478" elapsed="0.916712"/>
</test>
<test id="s1-t3" name="Empty Last Name" line="21">
<kw name="Open Browser" owner="SeleniumLibrary">
<msg time="2025-12-25T10:47:34.195594" level="INFO">Opening browser 'Chrome' to base url 'file:///Users/simon/Documents/GitHub/TestAutomationLab/StarterFiles/Registration.html'.</msg>
<arg>${WORKSHOP_URL}</arg>
<arg>${BROWSER}</arg>
<doc>Opens a new browser instance to the optional ``url``.</doc>
<status status="PASS" start="2025-12-25T10:47:34.195498" elapsed="0.673634"/>
</kw>
<kw name="Input Firstname" owner="Resource">
<kw name="Input Text" owner="SeleniumLibrary">
<msg time="2025-12-25T10:47:34.870571" level="INFO">Typing text 'Somyod' into text field 'id=firstname'.</msg>
<arg>id=firstname</arg>
<arg>${firstname}</arg>
<doc>Types the given ``text`` into the text field identified by ``locator``.</doc>
<status status="PASS" start="2025-12-25T10:47:34.870332" elapsed="0.097135"/>
</kw>
<arg>Somyod</arg>
<status status="PASS" start="2025-12-25T10:47:34.869712" elapsed="0.097838"/>
</kw>
<kw name="Input organization" owner="Resource">
<kw name="Input Text" owner="SeleniumLibrary">
<msg time="2025-12-25T10:47:34.968035" level="INFO">Typing text 'CS KKU' into text field 'id=organization'.</msg>
<arg>id=organization</arg>
<arg>${organization}</arg>
<doc>Types the given ``text`` into the text field identified by ``locator``.</doc>
<status status="PASS" start="2025-12-25T10:47:34.967897" elapsed="0.031190"/>
</kw>
<arg>CS KKU</arg>
<status status="PASS" start="2025-12-25T10:47:34.967697" elapsed="0.031466"/>
</kw>
<kw name="Input Email" owner="Resource">
<kw name="Input Text" owner="SeleniumLibrary">
<msg time="2025-12-25T10:47:34.999602" level="INFO">Typing text 'somyod@kkumail.com' into text field 'id=email'.</msg>
<arg>id=email</arg>
<arg>${email}</arg>
<doc>Types the given ``text`` into the text field identified by ``locator``.</doc>
<status status="PASS" start="2025-12-25T10:47:34.999469" elapsed="0.052384"/>
</kw>
<arg>somyod@kkumail.com</arg>
<status status="PASS" start="2025-12-25T10:47:34.999315" elapsed="0.052604"/>
</kw>
<kw name="Input Phone" owner="Resource">
<kw name="Input Text" owner="SeleniumLibrary">
<msg time="2025-12-25T10:47:35.052338" level="INFO">Typing text '091-001-1234' into text field 'id=phone'.</msg>
<arg>id=phone</arg>
<arg>${phone}</arg>
<doc>Types the given ``text`` into the text field identified by ``locator``.</doc>
<status status="PASS" start="2025-12-25T10:47:35.052232" elapsed="0.029643"/>
</kw>
<arg>091-001-1234</arg>
<status status="PASS" start="2025-12-25T10:47:35.052061" elapsed="0.029944"/>
</kw>
<kw name="Click Register Button" owner="Resource">
<kw name="Click Button" owner="SeleniumLibrary">
<msg time="2025-12-25T10:47:35.082383" level="INFO">Clicking button 'id=registerButton'.</msg>
<arg>id=registerButton</arg>
<doc>Clicks the button identified by ``locator``.</doc>
<status status="PASS" start="2025-12-25T10:47:35.082288" elapsed="0.099144"/>
</kw>
<status status="PASS" start="2025-12-25T10:47:35.082145" elapsed="0.134078"/>
</kw>
<kw name="Location Should Contain" owner="SeleniumLibrary">
<msg time="2025-12-25T10:47:35.244597" level="INFO">Current location contains 'file:///Users/simon/Documents/GitHub/TestAutomationLab/StarterFiles/Registration.html'.</msg>
<arg>${WORKSHOP_URL}</arg>
<doc>Verifies that the current URL contains ``expected``.</doc>
<status status="PASS" start="2025-12-25T10:47:35.219802" elapsed="0.025078"/>
</kw>
<kw name="Page Should Contain" owner="SeleniumLibrary">
<msg time="2025-12-25T10:47:35.256045" level="INFO">Current page contains text 'Please enter your last name!!'.</msg>
<arg>Please enter your last name!!</arg>
<doc>Verifies that current page contains ``text``.</doc>
<status status="PASS" start="2025-12-25T10:47:35.245682" elapsed="0.010451"/>
</kw>
<status status="PASS" start="2025-12-25T10:47:34.195328" elapsed="1.060965"/>
</test>
<test id="s1-t4" name="Empty First Name and Last Name" line="31">
<kw name="Open Browser" owner="SeleniumLibrary">
<msg time="2025-12-25T10:47:35.257319" level="INFO">Opening browser 'Chrome' to base url 'file:///Users/simon/Documents/GitHub/TestAutomationLab/StarterFiles/Registration.html'.</msg>
<arg>${WORKSHOP_URL}</arg>
<arg>${BROWSER}</arg>
<doc>Opens a new browser instance to the optional ``url``.</doc>
<status status="PASS" start="2025-12-25T10:47:35.256958" elapsed="0.903860"/>
</kw>
<kw name="Input organization" owner="Resource">
<kw name="Input Text" owner="SeleniumLibrary">
<msg time="2025-12-25T10:47:36.162462" level="INFO">Typing text 'CS KKU' into text field 'id=organization'.</msg>
<arg>id=organization</arg>
<arg>${organization}</arg>
<doc>Types the given ``text`` into the text field identified by ``locator``.</doc>
<status status="PASS" start="2025-12-25T10:47:36.162198" elapsed="0.084189"/>
</kw>
<arg>CS KKU</arg>
<status status="PASS" start="2025-12-25T10:47:36.161822" elapsed="0.084632"/>
</kw>
<kw name="Input Email" owner="Resource">
<kw name="Input Text" owner="SeleniumLibrary">
<msg time="2025-12-25T10:47:36.246852" level="INFO">Typing text 'somyod@kkumail.com' into text field 'id=email'.</msg>
<arg>id=email</arg>
<arg>${email}</arg>
<doc>Types the given ``text`` into the text field identified by ``locator``.</doc>
<status status="PASS" start="2025-12-25T10:47:36.246741" elapsed="0.189812"/>
</kw>
<arg>somyod@kkumail.com</arg>
<status status="PASS" start="2025-12-25T10:47:36.246589" elapsed="0.190460"/>
</kw>
<kw name="Input Phone" owner="Resource">
<kw name="Input Text" owner="SeleniumLibrary">
<msg time="2025-12-25T10:47:36.438373" level="INFO">Typing text '091-001-1234' into text field 'id=phone'.</msg>
<arg>id=phone</arg>
<arg>${phone}</arg>
<doc>Types the given ``text`` into the text field identified by ``locator``.</doc>
<status status="PASS" start="2025-12-25T10:47:36.438214" elapsed="0.043401"/>
</kw>
<arg>091-001-1234</arg>
<status status="PASS" start="2025-12-25T10:47:36.437887" elapsed="0.043809"/>
</kw>
<kw name="Click Register Button" owner="Resource">
<kw name="Click Button" owner="SeleniumLibrary">
<msg time="2025-12-25T10:47:36.482399" level="INFO">Clicking button 'id=registerButton'.</msg>
<arg>id=registerButton</arg>
<doc>Clicks the button identified by ``locator``.</doc>
<status status="PASS" start="2025-12-25T10:47:36.482274" elapsed="0.033837"/>
</kw>
<status status="PASS" start="2025-12-25T10:47:36.482038" elapsed="0.034366"/>
</kw>
<kw name="Location Should Contain" owner="SeleniumLibrary">
<msg time="2025-12-25T10:47:36.518759" level="INFO">Current location contains 'file:///Users/simon/Documents/GitHub/TestAutomationLab/StarterFiles/Registration.html'.</msg>
<arg>${WORKSHOP_URL}</arg>
<doc>Verifies that the current URL contains ``expected``.</doc>
<status status="PASS" start="2025-12-25T10:47:36.516643" elapsed="0.002161"/>
</kw>
<kw name="Page Should Contain" owner="SeleniumLibrary">
<msg time="2025-12-25T10:47:36.526878" level="INFO">Current page contains text 'Please enter your name!!'.</msg>
<arg>Please enter your name!!</arg>
<doc>Verifies that current page contains ``text``.</doc>
<status status="PASS" start="2025-12-25T10:47:36.519092" elapsed="0.007846"/>
</kw>
<status status="PASS" start="2025-12-25T10:47:35.256450" elapsed="1.270874"/>
</test>
<test id="s1-t5" name="Empty Email" line="40">
<kw name="Open Browser" owner="SeleniumLibrary">
<msg time="2025-12-25T10:47:36.528021" level="INFO">Opening browser 'Chrome' to base url 'file:///Users/simon/Documents/GitHub/TestAutomationLab/StarterFiles/Registration.html'.</msg>
<arg>${WORKSHOP_URL}</arg>
<arg>${BROWSER}</arg>
<doc>Opens a new browser instance to the optional ``url``.</doc>
<status status="PASS" start="2025-12-25T10:47:36.527872" elapsed="0.751871"/>
</kw>
<kw name="Input Firstname" owner="Resource">
<kw name="Input Text" owner="SeleniumLibrary">
<msg time="2025-12-25T10:47:37.281751" level="INFO">Typing text 'Somyod' into text field 'id=firstname'.</msg>
<arg>id=firstname</arg>
<arg>${firstname}</arg>
<doc>Types the given ``text`` into the text field identified by ``locator``.</doc>
<status status="PASS" start="2025-12-25T10:47:37.281443" elapsed="0.095553"/>
</kw>
<arg>Somyod</arg>
<status status="PASS" start="2025-12-25T10:47:37.280916" elapsed="0.096159"/>
</kw>
<kw name="Input Lastname" owner="Resource">
<kw name="Input Text" owner="SeleniumLibrary">
<msg time="2025-12-25T10:47:37.377577" level="INFO">Typing text 'Sodsai' into text field 'id=lastname'.</msg>
<arg>id=lastname</arg>
<arg>${lastname}</arg>
<doc>Types the given ``text`` into the text field identified by ``locator``.</doc>
<status status="PASS" start="2025-12-25T10:47:37.377448" elapsed="0.027995"/>
</kw>
<arg>Sodsai</arg>
<status status="PASS" start="2025-12-25T10:47:37.377223" elapsed="0.028306"/>
</kw>
<kw name="Input organization" owner="Resource">
<kw name="Input Text" owner="SeleniumLibrary">
<msg time="2025-12-25T10:47:37.405932" level="INFO">Typing text 'CS KKU' into text field 'id=organization'.</msg>
<arg>id=organization</arg>
<arg>${organization}</arg>
<doc>Types the given ``text`` into the text field identified by ``locator``.</doc>
<status status="PASS" start="2025-12-25T10:47:37.405815" elapsed="0.238209"/>
</kw>
<arg>CS KKU</arg>
<status status="PASS" start="2025-12-25T10:47:37.405662" elapsed="0.238768"/>
</kw>
<kw name="Input Phone" owner="Resource">
<kw name="Input Text" owner="SeleniumLibrary">
<msg time="2025-12-25T10:47:37.649608" level="INFO">Typing text '091-001-1234' into text field 'id=phone'.</msg>
<arg>id=phone</arg>
<arg>${phone}</arg>
<doc>Types the given ``text`` into the text field identified by ``locator``.</doc>
<status status="PASS" start="2025-12-25T10:47:37.648666" elapsed="0.055423"/>
</kw>
<arg>091-001-1234</arg>
<status status="PASS" start="2025-12-25T10:47:37.645691" elapsed="0.058471"/>
</kw>
<kw name="Click Register Button" owner="Resource">
<kw name="Click Button" owner="SeleniumLibrary">
<msg time="2025-12-25T10:47:37.704571" level="INFO">Clicking button 'id=registerButton'.</msg>
<arg>id=registerButton</arg>
<doc>Clicks the button identified by ``locator``.</doc>
<status status="PASS" start="2025-12-25T10:47:37.704463" elapsed="0.032625"/>
</kw>
<status status="PASS" start="2025-12-25T10:47:37.704303" elapsed="0.032853"/>
</kw>
<kw name="Location Should Contain" owner="SeleniumLibrary">
<msg time="2025-12-25T10:47:37.739031" level="INFO">Current location contains 'file:///Users/simon/Documents/GitHub/TestAutomationLab/StarterFiles/Registration.html'.</msg>
<arg>${WORKSHOP_URL}</arg>
<doc>Verifies that the current URL contains ``expected``.</doc>
<status status="PASS" start="2025-12-25T10:47:37.737278" elapsed="0.001792"/>
</kw>
<kw name="Page Should Contain" owner="SeleniumLibrary">
<msg time="2025-12-25T10:47:37.745678" level="INFO">Current page contains text 'Please enter your email!!'.</msg>
<arg>Please enter your email!!</arg>
<doc>Verifies that current page contains ``text``.</doc>
<status status="PASS" start="2025-12-25T10:47:37.739407" elapsed="0.006339"/>
</kw>
<status status="PASS" start="2025-12-25T10:47:36.527620" elapsed="1.218311"/>
</test>
<test id="s1-t6" name="Empty Phone Number" line="50">
<kw name="Open Browser" owner="SeleniumLibrary">
<msg time="2025-12-25T10:47:37.746472" level="INFO">Opening browser 'Chrome' to base url 'file:///Users/simon/Documents/GitHub/TestAutomationLab/StarterFiles/Registration.html'.</msg>
<arg>${WORKSHOP_URL}</arg>
<arg>${BROWSER}</arg>
<doc>Opens a new browser instance to the optional ``url``.</doc>
<status status="PASS" start="2025-12-25T10:47:37.746330" elapsed="1.250498"/>
</kw>
<kw name="Input Firstname" owner="Resource">
<kw name="Input Text" owner="SeleniumLibrary">
<msg time="2025-12-25T10:47:39.004402" level="INFO">Typing text 'Somyod' into text field 'id=firstname'.</msg>
<arg>id=firstname</arg>
<arg>${firstname}</arg>
<doc>Types the given ``text`` into the text field identified by ``locator``.</doc>
<status status="PASS" start="2025-12-25T10:47:39.004111" elapsed="0.109461"/>
</kw>
<arg>Somyod</arg>
<status status="PASS" start="2025-12-25T10:47:39.002613" elapsed="0.111035"/>
</kw>
<kw name="Input Lastname" owner="Resource">
<kw name="Input Text" owner="SeleniumLibrary">
<msg time="2025-12-25T10:47:39.114308" level="INFO">Typing text 'Sodsai' into text field 'id=lastname'.</msg>
<arg>id=lastname</arg>
<arg>${lastname}</arg>
<doc>Types the given ``text`` into the text field identified by ``locator``.</doc>
<status status="PASS" start="2025-12-25T10:47:39.114182" elapsed="0.031318"/>
</kw>
<arg>Sodsai</arg>
<status status="PASS" start="2025-12-25T10:47:39.113871" elapsed="0.031700"/>
</kw>
<kw name="Input organization" owner="Resource">
<kw name="Input Text" owner="SeleniumLibrary">
<msg time="2025-12-25T10:47:39.145987" level="INFO">Typing text 'CS KKU' into text field 'id=organization'.</msg>
<arg>id=organization</arg>
<arg>${organization}</arg>
<doc>Types the given ``text`` into the text field identified by ``locator``.</doc>
<status status="PASS" start="2025-12-25T10:47:39.145873" elapsed="0.031760"/>
</kw>
<arg>CS KKU</arg>
<status status="PASS" start="2025-12-25T10:47:39.145718" elapsed="0.031988"/>
</kw>
<kw name="Input Email" owner="Resource">
<kw name="Input Text" owner="SeleniumLibrary">
<msg time="2025-12-25T10:47:39.178270" level="INFO">Typing text 'somyod@kkumail.com' into text field 'id=email'.</msg>
<arg>id=email</arg>
<arg>${email}</arg>
<doc>Types the given ``text`` into the text field identified by ``locator``.</doc>
<status status="PASS" start="2025-12-25T10:47:39.178122" elapsed="0.050497"/>
</kw>
<arg>somyod@kkumail.com</arg>
<status status="PASS" start="2025-12-25T10:47:39.177955" elapsed="0.050736"/>
</kw>
<kw name="Click Register Button" owner="Resource">
<kw name="Click Button" owner="SeleniumLibrary">
<msg time="2025-12-25T10:47:39.229114" level="INFO">Clicking button 'id=registerButton'.</msg>
<arg>id=registerButton</arg>
<doc>Clicks the button identified by ``locator``.</doc>
<status status="PASS" start="2025-12-25T10:47:39.229000" elapsed="0.041473"/>
</kw>
<status status="PASS" start="2025-12-25T10:47:39.228839" elapsed="0.041705"/>
</kw>
<kw name="Location Should Contain" owner="SeleniumLibrary">
<msg time="2025-12-25T10:47:39.272462" level="INFO">Current location contains 'file:///Users/simon/Documents/GitHub/TestAutomationLab/StarterFiles/Registration.html'.</msg>
<arg>${WORKSHOP_URL}</arg>
<doc>Verifies that the current URL contains ``expected``.</doc>
<status status="PASS" start="2025-12-25T10:47:39.270660" elapsed="0.001849"/>
</kw>
<kw name="Page Should Contain" owner="SeleniumLibrary">
<msg time="2025-12-25T10:47:39.278211" level="INFO">Current page contains text 'Please enter your phone number!!'.</msg>
<arg>Please enter your phone number!!</arg>
<doc>Verifies that current page contains ``text``.</doc>
<status status="PASS" start="2025-12-25T10:47:39.272627" elapsed="0.005630"/>
</kw>
<status status="PASS" start="2025-12-25T10:47:37.746105" elapsed="1.532288"/>
</test>
<test id="s1-t7" name="Invalid Phone Number" line="60">
<kw name="Open Browser" owner="SeleniumLibrary">
<msg time="2025-12-25T10:47:39.278928" level="INFO">Opening browser 'Chrome' to base url 'file:///Users/simon/Documents/GitHub/TestAutomationLab/StarterFiles/Registration.html'.</msg>
<arg>${WORKSHOP_URL}</arg>
<arg>${BROWSER}</arg>
<doc>Opens a new browser instance to the optional ``url``.</doc>
<status status="PASS" start="2025-12-25T10:47:39.278805" elapsed="1.479104"/>
</kw>
<kw name="Input Firstname" owner="Resource">
<kw name="Input Text" owner="SeleniumLibrary">
<msg time="2025-12-25T10:47:40.759634" level="INFO">Typing text 'Somyod' into text field 'id=firstname'.</msg>
<arg>id=firstname</arg>
<arg>${firstname}</arg>
<doc>Types the given ``text`` into the text field identified by ``locator``.</doc>
<status status="PASS" start="2025-12-25T10:47:40.759381" elapsed="0.089959"/>
</kw>
<arg>Somyod</arg>
<status status="PASS" start="2025-12-25T10:47:40.758960" elapsed="0.090504"/>
</kw>
<kw name="Input Lastname" owner="Resource">
<kw name="Input Text" owner="SeleniumLibrary">
<msg time="2025-12-25T10:47:40.850358" level="INFO">Typing text 'Sodsai' into text field 'id=lastname'.</msg>
<arg>id=lastname</arg>
<arg>${lastname}</arg>
<doc>Types the given ``text`` into the text field identified by ``locator``.</doc>
<status status="PASS" start="2025-12-25T10:47:40.850108" elapsed="0.038678"/>
</kw>
<arg>Sodsai</arg>
<status status="PASS" start="2025-12-25T10:47:40.849745" elapsed="0.039114"/>
</kw>
<kw name="Input organization" owner="Resource">
<kw name="Input Text" owner="SeleniumLibrary">
<msg time="2025-12-25T10:47:40.889403" level="INFO">Typing text 'CS KKU' into text field 'id=organization'.</msg>
<arg>id=organization</arg>
<arg>${organization}</arg>
<doc>Types the given ``text`` into the text field identified by ``locator``.</doc>
<status status="PASS" start="2025-12-25T10:47:40.889256" elapsed="0.030677"/>
</kw>
<arg>CS KKU</arg>
<status status="PASS" start="2025-12-25T10:47:40.889049" elapsed="0.030952"/>
</kw>
<kw name="Input Email" owner="Resource">
<kw name="Input Text" owner="SeleniumLibrary">
<msg time="2025-12-25T10:47:40.920390" level="INFO">Typing text 'somyod@kkumail.com' into text field 'id=email'.</msg>
<arg>id=email</arg>
<arg>${email}</arg>
<doc>Types the given ``text`` into the text field identified by ``locator``.</doc>
<status status="PASS" start="2025-12-25T10:47:40.920281" elapsed="0.029356"/>
</kw>
<arg>somyod@kkumail.com</arg>
<status status="PASS" start="2025-12-25T10:47:40.920132" elapsed="0.029578"/>
</kw>
<kw name="Input Phone" owner="Resource">
<kw name="Input Text" owner="SeleniumLibrary">
<msg time="2025-12-25T10:47:40.950177" level="INFO">Typing text '1234' into text field 'id=phone'.</msg>
<arg>id=phone</arg>
<arg>${phone}</arg>
<doc>Types the given ``text`` into the text field identified by ``locator``.</doc>
<status status="PASS" start="2025-12-25T10:47:40.950064" elapsed="0.034792"/>
</kw>
<arg>1234</arg>
<status status="PASS" start="2025-12-25T10:47:40.949881" elapsed="0.035060"/>
</kw>
<kw name="Click Register Button" owner="Resource">
<kw name="Click Button" owner="SeleniumLibrary">
<msg time="2025-12-25T10:47:40.985383" level="INFO">Clicking button 'id=registerButton'.</msg>
<arg>id=registerButton</arg>
<doc>Clicks the button identified by ``locator``.</doc>
<status status="PASS" start="2025-12-25T10:47:40.985269" elapsed="0.033930"/>
</kw>
<status status="PASS" start="2025-12-25T10:47:40.985097" elapsed="0.034170"/>
</kw>
<kw name="Location Should Contain" owner="SeleniumLibrary">
<msg time="2025-12-25T10:47:41.021476" level="INFO">Current location contains 'file:///Users/simon/Documents/GitHub/TestAutomationLab/StarterFiles/Registration.html'.</msg>
<arg>${WORKSHOP_URL}</arg>
<doc>Verifies that the current URL contains ``expected``.</doc>
<status status="PASS" start="2025-12-25T10:47:41.019390" elapsed="0.002122"/>
</kw>
<kw name="Page Should Contain" owner="SeleniumLibrary">
<msg time="2025-12-25T10:47:41.258514" level="INFO" html="true">&lt;/td&gt;&lt;/tr&gt;&lt;tr&gt;&lt;td colspan="3"&gt;&lt;a href="selenium-screenshot-1.png"&gt;&lt;img src="selenium-screenshot-1.png" width="800px"&gt;&lt;/a&gt;</msg>
<msg time="2025-12-25T10:47:41.258703" level="FAIL">Page should have contained text 'Please enter a valid phone number, e.g., 081-234-5678, 081 234 5678, or 081.234.5678)' but did not.</msg>
<arg>Please enter a valid phone number, e.g., 081-234-5678, 081 234 5678, or 081.234.5678)</arg>
<doc>Verifies that current page contains ``text``.</doc>
<status status="FAIL" start="2025-12-25T10:47:41.021884" elapsed="0.240650">Page should have contained text 'Please enter a valid phone number, e.g., 081-234-5678, 081 234 5678, or 081.234.5678)' but did not.</status>
</kw>
<status status="FAIL" start="2025-12-25T10:47:39.278587" elapsed="1.984154">Page should have contained text 'Please enter a valid phone number, e.g., 081-234-5678, 081 234 5678, or 081.234.5678)' but did not.</status>
</test>
<status status="FAIL" start="2025-12-25T10:47:32.296343" elapsed="8.966680"/>
</suite>
<statistics>
<total>
<stat pass="6" fail="1" skip="0">All Tests</stat>
</total>
<tag>
</tag>
<suite>
<stat name="Invalidcase" id="s1" pass="6" fail="1" skip="0">Invalidcase</stat>
</suite>
</statistics>
<errors>
</errors>
</robot>
