<?xml version="1.0" encoding="UTF-8"?>
<robot generator="Robot 7.4.1 (Python 3.13.2 on darwin)" generated="2025-12-25T09:55:00.342005" rpa="false" schemaversion="5">
<suite id="s1" name="Validcase" source="/Users/simon/TestAutomationLab/LoginTest/Validcase.robot">
<test id="s1-t1" name="open Workshop Registration Page" line="6">
<kw name="Open Browser" owner="SeleniumLibrary">
<msg time="2025-12-25T09:55:00.440831" level="INFO">Opening browser 'Chrome' to base url 'file:///Users/simon/Documents/GitHub/TestAutomationLab/StarterFiles/Registration.html'.</msg>
<arg>${WORKSHOP_URL}</arg>
<arg>${BROWSER}</arg>
<doc>Opens a new browser instance to the optional ``url``.</doc>
<status status="PASS" start="2025-12-25T09:55:00.440708" elapsed="1.294651"/>
</kw>
<kw name="Set Selenium Speed" owner="SeleniumLibrary">
<arg>${DELAY}</arg>
<doc>Sets the delay that is waited after each Selenium command.</doc>
<status status="PASS" start="2025-12-25T09:55:01.735844" elapsed="0.000328"/>
</kw>
<kw name="Welcome Page Should Be Open" owner="Resource">
<kw name="Location Should Be" owner="SeleniumLibrary">
<msg time="2025-12-25T09:55:02.251446" level="INFO">Current location is 'file:///Users/simon/Documents/GitHub/TestAutomationLab/StarterFiles/Registration.html'.</msg>
<arg>${WORKSHOP_URL}</arg>
<doc>Verifies that the current URL is exactly ``url``.</doc>
<status status="PASS" start="2025-12-25T09:55:01.736590" elapsed="0.515062"/>
</kw>
<kw name="Title Should Be" owner="SeleniumLibrary">
<msg time="2025-12-25T09:55:02.761623" level="INFO">Page title is 'Registration'.</msg>
<arg>Registration</arg>
<doc>Verifies that the current page title equals ``title``.</doc>
<status status="PASS" start="2025-12-25T09:55:02.251895" elapsed="0.510128"/>
</kw>
<status status="PASS" start="2025-12-25T09:55:01.736370" elapsed="1.026067"/>
</kw>
<status status="PASS" start="2025-12-25T09:55:00.440256" elapsed="2.322874"/>
</test>
<test id="s1-t2" name="Register Success" line="11">
<kw name="Open Browser" owner="SeleniumLibrary">
<msg time="2025-12-25T09:55:02.765162" level="INFO">Opening browser 'Chrome' to base url 'file:///Users/simon/Documents/GitHub/TestAutomationLab/StarterFiles/Registration.html'.</msg>
<arg>${WORKSHOP_URL}</arg>
<arg>${BROWSER}</arg>
<doc>Opens a new browser instance to the optional ``url``.</doc>
<status status="PASS" start="2025-12-25T09:55:02.764628" elapsed="1.246652"/>
</kw>
<kw name="Input Firstname" owner="Resource">
<kw name="Input Text" owner="SeleniumLibrary">
<msg time="2025-12-25T09:55:04.015493" level="INFO">Typing text 'Somyod' into text field 'id=firstname'.</msg>
<arg>id=firstname</arg>
<arg>${firstname}</arg>
<doc>Types the given ``text`` into the text field identified by ``locator``.</doc>
<status status="PASS" start="2025-12-25T09:55:04.014607" elapsed="1.687721"/>
</kw>
<arg>Somyod</arg>
<status status="PASS" start="2025-12-25T09:55:04.013200" elapsed="1.689598"/>
</kw>
<kw name="Input Lastname" owner="Resource">
<kw name="Input Text" owner="SeleniumLibrary">
<msg time="2025-12-25T09:55:05.704697" level="INFO">Typing text 'Sodsai' into text field 'id=lastname'.</msg>
<arg>id=lastname</arg>
<arg>${lastname}</arg>
<doc>Types the given ``text`` into the text field identified by ``locator``.</doc>
<status status="PASS" start="2025-12-25T09:55:05.704140" elapsed="1.588567"/>
</kw>
<arg>Sodsai</arg>
<status status="PASS" start="2025-12-25T09:55:05.703436" elapsed="1.589799"/>
</kw>
<kw name="Input organization" owner="Resource">
<kw name="Input Text" owner="SeleniumLibrary">
<msg time="2025-12-25T09:55:07.295829" level="INFO">Typing text 'CS KKU' into text field 'id=organization'.</msg>
<arg>id=organization</arg>
<arg>${organization}</arg>
<doc>Types the given ``text`` into the text field identified by ``locator``.</doc>
<status status="PASS" start="2025-12-25T09:55:07.295095" elapsed="1.582953"/>
</kw>
<arg>CS KKU</arg>
<status status="PASS" start="2025-12-25T09:55:07.294071" elapsed="1.584414"/>
</kw>
<kw name="Input Email" owner="Resource">
<kw name="Input Text" owner="SeleniumLibrary">
<msg time="2025-12-25T09:55:08.880942" level="INFO">Typing text 'somyod@kkumail.com' into text field 'id=email'.</msg>
<arg>id=email</arg>
<arg>${email}</arg>
<doc>Types the given ``text`` into the text field identified by ``locator``.</doc>
<status status="PASS" start="2025-12-25T09:55:08.880222" elapsed="1.583131"/>
</kw>
<arg>somyod@kkumail.com</arg>
<status status="PASS" start="2025-12-25T09:55:08.879270" elapsed="1.584583"/>
</kw>
<kw name="Input Phone" owner="Resource">
<kw name="Input Text" owner="SeleniumLibrary">
<msg time="2025-12-25T09:55:10.466009" level="INFO">Typing text '091-001-1234' into text field 'id=phone'.</msg>
<arg>id=phone</arg>
<arg>${phone}</arg>
<doc>Types the given ``text`` into the text field identified by ``locator``.</doc>
<status status="PASS" start="2025-12-25T09:55:10.465496" elapsed="1.584207"/>
</kw>
<arg>091-001-1234</arg>
<status status="PASS" start="2025-12-25T09:55:10.464712" elapsed="1.585522"/>
</kw>
<kw name="Click Register Button" owner="Resource">
<kw name="Click Button" owner="SeleniumLibrary">
<msg time="2025-12-25T09:55:12.052545" level="INFO">Clicking button 'id=registerButton'.</msg>
<arg>id=registerButton</arg>
<doc>Clicks the button identified by ``locator``.</doc>
<status status="PASS" start="2025-12-25T09:55:12.051940" elapsed="1.594633"/>
</kw>
<status status="PASS" start="2025-12-25T09:55:12.051065" elapsed="1.596021"/>
</kw>
<kw name="Go to Success Page" owner="Resource">
<kw name="Location Should Contain" owner="SeleniumLibrary">
<msg time="2025-12-25T09:55:14.160708" level="INFO">Current location contains 'file:///Users/simon/Documents/GitHub/TestAutomationLab/StarterFiles/Success.html'.</msg>
<arg>${SUCCESS_URL}</arg>
<doc>Verifies that the current URL contains ``expected``.</doc>
<status status="PASS" start="2025-12-25T09:55:13.648611" elapsed="0.512482"/>
</kw>
<kw name="Title Should Be" owner="SeleniumLibrary">
<msg time="2025-12-25T09:55:14.673279" level="INFO">Page title is 'Success'.</msg>
<arg>Success</arg>
<doc>Verifies that the current page title equals ``title``.</doc>
<status status="PASS" start="2025-12-25T09:55:14.161675" elapsed="0.512011"/>
</kw>
<kw name="Page Should Contain" owner="SeleniumLibrary">
<msg time="2025-12-25T09:55:15.709703" level="INFO">Current page contains text 'Thank you for registering with us.'.</msg>
<arg>Thank you for registering with us.</arg>
<doc>Verifies that current page contains ``text``.</doc>
<status status="PASS" start="2025-12-25T09:55:14.674179" elapsed="1.035774"/>
</kw>
<kw name="Page Should Contain" owner="SeleniumLibrary">
<msg time="2025-12-25T09:55:16.737578" level="INFO">Current page contains text 'We will send a confirmation to your email soon.'.</msg>
<arg>We will send a confirmation to your email soon.</arg>
<doc>Verifies that current page contains ``text``.</doc>
<status status="PASS" start="2025-12-25T09:55:15.710237" elapsed="1.027766"/>
</kw>
<status status="PASS" start="2025-12-25T09:55:13.647912" elapsed="3.090449"/>
</kw>
<status status="PASS" start="2025-12-25T09:55:02.763839" elapsed="13.975178"/>
</test>
<status status="PASS" start="2025-12-25T09:55:00.342710" elapsed="16.397859"/>
</suite>
<statistics>
<total>
<stat pass="2" fail="0" skip="0">All Tests</stat>
</total>
<tag>
</tag>
<suite>
<stat name="Validcase" id="s1" pass="2" fail="0" skip="0">Validcase</stat>
</suite>
</statistics>
<errors>
</errors>
</robot>
